<?xml version="1.0" encoding="UTF-8"?>
<testsuite xmlns:xsi="http://www.w3.org/2001/XMLSchema-instance" xsi:noNamespaceSchemaLocation="https://maven.apache.org/surefire/maven-surefire-plugin/xsd/surefire-test-report-3.0.xsd" version="3.0" name="com.camel.odoo.AppTest" time="0.024" tests="1" errors="0" skipped="0" failures="0">
  <properties>
    <property name="java.specification.version" value="24"/>
    <property name="sun.cpu.isalist" value="amd64"/>
    <property name="sun.jnu.encoding" value="Cp1252"/>
    <property name="java.class.path" value="C:\Users\aksha\OneDrive\Desktop\project\camel-odoo-integration\target\test-classes;C:\Users\aksha\OneDrive\Desktop\project\camel-odoo-integration\target\classes;C:\Users\aksha\.m2\repository\junit\junit\4.13.2\junit-4.13.2.jar;C:\Users\aksha\.m2\repository\org\hamcrest\hamcrest-core\1.3\hamcrest-core-1.3.jar;C:\Users\aksha\.m2\repository\org\apache\camel\camel-core\4.4.0\camel-core-4.4.0.jar;C:\Users\aksha\.m2\repository\org\apache\camel\camel-core-engine\4.4.0\camel-core-engine-4.4.0.jar;C:\Users\aksha\.m2\repository\org\apache\camel\camel-base-engine\4.4.0\camel-base-engine-4.4.0.jar;C:\Users\aksha\.m2\repository\org\apache\camel\camel-core-reifier\4.4.0\camel-core-reifier-4.4.0.jar;C:\Users\aksha\.m2\repository\org\apache\camel\camel-core-processor\4.4.0\camel-core-processor-4.4.0.jar;C:\Users\aksha\.m2\repository\org\apache\camel\camel-core-languages\4.4.0\camel-core-languages-4.4.0.jar;C:\Users\aksha\.m2\repository\org\apache\camel\camel-core-model\4.4.0\camel-core-model-4.4.0.jar;C:\Users\aksha\.m2\repository\org\apache\camel\camel-xml-jaxp-util\4.4.0\camel-xml-jaxp-util-4.4.0.jar;C:\Users\aksha\.m2\repository\org\apache\camel\camel-bean\4.4.0\camel-bean-4.4.0.jar;C:\Users\aksha\.m2\repository\org\apache\camel\camel-browse\4.4.0\camel-browse-4.4.0.jar;C:\Users\aksha\.m2\repository\org\apache\camel\camel-cluster\4.4.0\camel-cluster-4.4.0.jar;C:\Users\aksha\.m2\repository\org\apache\camel\camel-controlbus\4.4.0\camel-controlbus-4.4.0.jar;C:\Users\aksha\.m2\repository\org\apache\camel\camel-dataformat\4.4.0\camel-dataformat-4.4.0.jar;C:\Users\aksha\.m2\repository\org\apache\camel\camel-dataset\4.4.0\camel-dataset-4.4.0.jar;C:\Users\aksha\.m2\repository\org\apache\camel\camel-direct\4.4.0\camel-direct-4.4.0.jar;C:\Users\aksha\.m2\repository\org\apache\camel\camel-file\4.4.0\camel-file-4.4.0.jar;C:\Users\aksha\.m2\repository\org\apache\camel\camel-health\4.4.0\camel-health-4.4.0.jar;C:\Users\aksha\.m2\repository\org\apache\camel\camel-language\4.4.0\camel-language-4.4.0.jar;C:\Users\aksha\.m2\repository\org\apache\camel\camel-log\4.4.0\camel-log-4.4.0.jar;C:\Users\aksha\.m2\repository\org\apache\camel\camel-mock\4.4.0\camel-mock-4.4.0.jar;C:\Users\aksha\.m2\repository\org\apache\camel\camel-ref\4.4.0\camel-ref-4.4.0.jar;C:\Users\aksha\.m2\repository\org\apache\camel\camel-rest\4.4.0\camel-rest-4.4.0.jar;C:\Users\aksha\.m2\repository\org\apache\camel\camel-tooling-model\4.4.0\camel-tooling-model-4.4.0.jar;C:\Users\aksha\.m2\repository\org\apache\camel\camel-saga\4.4.0\camel-saga-4.4.0.jar;C:\Users\aksha\.m2\repository\org\apache\camel\camel-scheduler\4.4.0\camel-scheduler-4.4.0.jar;C:\Users\aksha\.m2\repository\org\apache\camel\camel-seda\4.4.0\camel-seda-4.4.0.jar;C:\Users\aksha\.m2\repository\org\apache\camel\camel-stub\4.4.0\camel-stub-4.4.0.jar;C:\Users\aksha\.m2\repository\org\apache\camel\camel-timer\4.4.0\camel-timer-4.4.0.jar;C:\Users\aksha\.m2\repository\org\apache\camel\camel-validator\4.4.0\camel-validator-4.4.0.jar;C:\Users\aksha\.m2\repository\org\apache\camel\camel-xpath\4.4.0\camel-xpath-4.4.0.jar;C:\Users\aksha\.m2\repository\org\apache\camel\camel-xslt\4.4.0\camel-xslt-4.4.0.jar;C:\Users\aksha\.m2\repository\org\apache\camel\camel-xml-io\4.4.0\camel-xml-io-4.4.0.jar;C:\Users\aksha\.m2\repository\org\apache\camel\camel-xml-io-util\4.4.0\camel-xml-io-util-4.4.0.jar;C:\Users\aksha\.m2\repository\org\apache\camel\camel-xml-jaxb\4.4.0\camel-xml-jaxb-4.4.0.jar;C:\Users\aksha\.m2\repository\jakarta\xml\bind\jakarta.xml.bind-api\4.0.1\jakarta.xml.bind-api-4.0.1.jar;C:\Users\aksha\.m2\repository\jakarta\activation\jakarta.activation-api\2.1.2\jakarta.activation-api-2.1.2.jar;C:\Users\aksha\.m2\repository\com\sun\xml\bind\jaxb-core\4.0.4\jaxb-core-4.0.4.jar;C:\Users\aksha\.m2\repository\org\eclipse\angus\angus-activation\2.0.1\angus-activation-2.0.1.jar;C:\Users\aksha\.m2\repository\com\sun\xml\bind\jaxb-impl\4.0.4\jaxb-impl-4.0.4.jar;C:\Users\aksha\.m2\repository\org\apache\camel\camel-xml-jaxp\4.4.0\camel-xml-jaxp-4.4.0.jar;C:\Users\aksha\.m2\repository\org\apache\camel\camel-yaml-io\4.4.0\camel-yaml-io-4.4.0.jar;C:\Users\aksha\.m2\repository\org\apache\camel\camel-core-catalog\4.4.0\camel-core-catalog-4.4.0.jar;C:\Users\aksha\.m2\repository\com\fasterxml\jackson\dataformat\jackson-dataformat-yaml\2.16.1\jackson-dataformat-yaml-2.16.1.jar;C:\Users\aksha\.m2\repository\org\yaml\snakeyaml\2.2\snakeyaml-2.2.jar;C:\Users\aksha\.m2\repository\org\slf4j\slf4j-api\2.0.12\slf4j-api-2.0.12.jar;C:\Users\aksha\.m2\repository\org\apache\camel\camel-netty-http\3.20.2\camel-netty-http-3.20.2.jar;C:\Users\aksha\.m2\repository\org\apache\camel\camel-netty\3.20.2\camel-netty-3.20.2.jar;C:\Users\aksha\.m2\repository\org\apache\commons\commons-pool2\2.11.1\commons-pool2-2.11.1.jar;C:\Users\aksha\.m2\repository\io\netty\netty-buffer\4.1.87.Final\netty-buffer-4.1.87.Final.jar;C:\Users\aksha\.m2\repository\io\netty\netty-codec\4.1.87.Final\netty-codec-4.1.87.Final.jar;C:\Users\aksha\.m2\repository\io\netty\netty-common\4.1.87.Final\netty-common-4.1.87.Final.jar;C:\Users\aksha\.m2\repository\io\netty\netty-handler\4.1.87.Final\netty-handler-4.1.87.Final.jar;C:\Users\aksha\.m2\repository\io\netty\netty-resolver\4.1.87.Final\netty-resolver-4.1.87.Final.jar;C:\Users\aksha\.m2\repository\io\netty\netty-transport\4.1.87.Final\netty-transport-4.1.87.Final.jar;C:\Users\aksha\.m2\repository\io\netty\netty-transport-native-epoll\4.1.87.Final\netty-transport-native-epoll-4.1.87.Final.jar;C:\Users\aksha\.m2\repository\io\netty\netty-transport-classes-epoll\4.1.87.Final\netty-transport-classes-epoll-4.1.87.Final.jar;C:\Users\aksha\.m2\repository\io\netty\netty-transport-native-unix-common\4.1.87.Final\netty-transport-native-unix-common-4.1.87.Final.jar;C:\Users\aksha\.m2\repository\io\netty\netty-codec-http\4.1.87.Final\netty-codec-http-4.1.87.Final.jar;C:\Users\aksha\.m2\repository\org\apache\camel\camel-http-base\3.20.2\camel-http-base-3.20.2.jar;C:\Users\aksha\.m2\repository\org\apache\camel\camel-cloud\3.20.2\camel-cloud-3.20.2.jar;C:\Users\aksha\.m2\repository\org\apache\camel\camel-main\4.4.0\camel-main-4.4.0.jar;C:\Users\aksha\.m2\repository\org\apache\camel\camel-api\4.4.0\camel-api-4.4.0.jar;C:\Users\aksha\.m2\repository\org\apache\camel\camel-base\4.4.0\camel-base-4.4.0.jar;C:\Users\aksha\.m2\repository\org\apache\camel\camel-management-api\4.4.0\camel-management-api-4.4.0.jar;C:\Users\aksha\.m2\repository\org\apache\camel\camel-support\4.4.0\camel-support-4.4.0.jar;C:\Users\aksha\.m2\repository\org\apache\camel\camel-util\4.4.0\camel-util-4.4.0.jar;C:\Users\aksha\.m2\repository\org\apache\camel\camel-http\4.4.0\camel-http-4.4.0.jar;C:\Users\aksha\.m2\repository\org\apache\camel\camel-http-common\4.4.0\camel-http-common-4.4.0.jar;C:\Users\aksha\.m2\repository\org\apache\camel\camel-attachments\4.4.0\camel-attachments-4.4.0.jar;C:\Users\aksha\.m2\repository\org\apache\camel\camel-util-json\4.4.0\camel-util-json-4.4.0.jar;C:\Users\aksha\.m2\repository\jakarta\servlet\jakarta.servlet-api\6.0.0\jakarta.servlet-api-6.0.0.jar;C:\Users\aksha\.m2\repository\org\apache\httpcomponents\core5\httpcore5\5.2.4\httpcore5-5.2.4.jar;C:\Users\aksha\.m2\repository\org\apache\httpcomponents\core5\httpcore5-h2\5.2.4\httpcore5-h2-5.2.4.jar;C:\Users\aksha\.m2\repository\org\apache\httpcomponents\client5\httpclient5\5.2.1\httpclient5-5.2.1.jar;C:\Users\aksha\.m2\repository\org\apache\camel\camel-jackson\4.4.0\camel-jackson-4.4.0.jar;C:\Users\aksha\.m2\repository\com\fasterxml\jackson\core\jackson-databind\2.16.1\jackson-databind-2.16.1.jar;C:\Users\aksha\.m2\repository\com\fasterxml\jackson\core\jackson-annotations\2.16.1\jackson-annotations-2.16.1.jar;C:\Users\aksha\.m2\repository\com\fasterxml\jackson\core\jackson-core\2.16.1\jackson-core-2.16.1.jar;C:\Users\aksha\.m2\repository\org\apache\logging\log4j\log4j-slf4j2-impl\2.20.0\log4j-slf4j2-impl-2.20.0.jar;C:\Users\aksha\.m2\repository\org\apache\logging\log4j\log4j-api\2.20.0\log4j-api-2.20.0.jar;C:\Users\aksha\.m2\repository\org\apache\logging\log4j\log4j-core\2.20.0\log4j-core-2.20.0.jar;C:\Users\aksha\.m2\repository\org\apache\httpcomponents\httpclient\4.5.13\httpclient-4.5.13.jar;C:\Users\aksha\.m2\repository\org\apache\httpcomponents\httpcore\4.4.13\httpcore-4.4.13.jar;C:\Users\aksha\.m2\repository\commons-logging\commons-logging\1.2\commons-logging-1.2.jar;C:\Users\aksha\.m2\repository\commons-codec\commons-codec\1.11\commons-codec-1.11.jar;"/>
    <property name="java.vm.vendor" value="Oracle Corporation"/>
    <property name="sun.arch.data.model" value="64"/>
    <property name="user.variant" value=""/>
    <property name="java.vendor.url" value="https://java.oracle.com/"/>
    <property name="user.timezone" value="Asia/Calcutta"/>
    <property name="os.name" value="Windows 11"/>
    <property name="java.vm.specification.version" value="24"/>
    <property name="sun.java.launcher" value="SUN_STANDARD"/>
    <property name="user.country" value="US"/>
    <property name="sun.boot.library.path" value="C:\Program Files\Java\jdk-24\bin"/>
    <property name="sun.java.command" value="C:\Users\aksha\AppData\Local\Temp\surefire12695742125975341742\surefirebooter-20250411210717560_3.jar C:\Users\aksha\AppData\Local\Temp\surefire12695742125975341742 2025-04-11T21-07-16_990-jvmRun1 surefire-20250411210717560_1tmp surefire_0-20250411210717560_2tmp"/>
    <property name="jdk.debug" value="release"/>
    <property name="surefire.test.class.path" value="C:\Users\aksha\OneDrive\Desktop\project\camel-odoo-integration\target\test-classes;C:\Users\aksha\OneDrive\Desktop\project\camel-odoo-integration\target\classes;C:\Users\aksha\.m2\repository\junit\junit\4.13.2\junit-4.13.2.jar;C:\Users\aksha\.m2\repository\org\hamcrest\hamcrest-core\1.3\hamcrest-core-1.3.jar;C:\Users\aksha\.m2\repository\org\apache\camel\camel-core\4.4.0\camel-core-4.4.0.jar;C:\Users\aksha\.m2\repository\org\apache\camel\camel-core-engine\4.4.0\camel-core-engine-4.4.0.jar;C:\Users\aksha\.m2\repository\org\apache\camel\camel-base-engine\4.4.0\camel-base-engine-4.4.0.jar;C:\Users\aksha\.m2\repository\org\apache\camel\camel-core-reifier\4.4.0\camel-core-reifier-4.4.0.jar;C:\Users\aksha\.m2\repository\org\apache\camel\camel-core-processor\4.4.0\camel-core-processor-4.4.0.jar;C:\Users\aksha\.m2\repository\org\apache\camel\camel-core-languages\4.4.0\camel-core-languages-4.4.0.jar;C:\Users\aksha\.m2\repository\org\apache\camel\camel-core-model\4.4.0\camel-core-model-4.4.0.jar;C:\Users\aksha\.m2\repository\org\apache\camel\camel-xml-jaxp-util\4.4.0\camel-xml-jaxp-util-4.4.0.jar;C:\Users\aksha\.m2\repository\org\apache\camel\camel-bean\4.4.0\camel-bean-4.4.0.jar;C:\Users\aksha\.m2\repository\org\apache\camel\camel-browse\4.4.0\camel-browse-4.4.0.jar;C:\Users\aksha\.m2\repository\org\apache\camel\camel-cluster\4.4.0\camel-cluster-4.4.0.jar;C:\Users\aksha\.m2\repository\org\apache\camel\camel-controlbus\4.4.0\camel-controlbus-4.4.0.jar;C:\Users\aksha\.m2\repository\org\apache\camel\camel-dataformat\4.4.0\camel-dataformat-4.4.0.jar;C:\Users\aksha\.m2\repository\org\apache\camel\camel-dataset\4.4.0\camel-dataset-4.4.0.jar;C:\Users\aksha\.m2\repository\org\apache\camel\camel-direct\4.4.0\camel-direct-4.4.0.jar;C:\Users\aksha\.m2\repository\org\apache\camel\camel-file\4.4.0\camel-file-4.4.0.jar;C:\Users\aksha\.m2\repository\org\apache\camel\camel-health\4.4.0\camel-health-4.4.0.jar;C:\Users\aksha\.m2\repository\org\apache\camel\camel-language\4.4.0\camel-language-4.4.0.jar;C:\Users\aksha\.m2\repository\org\apache\camel\camel-log\4.4.0\camel-log-4.4.0.jar;C:\Users\aksha\.m2\repository\org\apache\camel\camel-mock\4.4.0\camel-mock-4.4.0.jar;C:\Users\aksha\.m2\repository\org\apache\camel\camel-ref\4.4.0\camel-ref-4.4.0.jar;C:\Users\aksha\.m2\repository\org\apache\camel\camel-rest\4.4.0\camel-rest-4.4.0.jar;C:\Users\aksha\.m2\repository\org\apache\camel\camel-tooling-model\4.4.0\camel-tooling-model-4.4.0.jar;C:\Users\aksha\.m2\repository\org\apache\camel\camel-saga\4.4.0\camel-saga-4.4.0.jar;C:\Users\aksha\.m2\repository\org\apache\camel\camel-scheduler\4.4.0\camel-scheduler-4.4.0.jar;C:\Users\aksha\.m2\repository\org\apache\camel\camel-seda\4.4.0\camel-seda-4.4.0.jar;C:\Users\aksha\.m2\repository\org\apache\camel\camel-stub\4.4.0\camel-stub-4.4.0.jar;C:\Users\aksha\.m2\repository\org\apache\camel\camel-timer\4.4.0\camel-timer-4.4.0.jar;C:\Users\aksha\.m2\repository\org\apache\camel\camel-validator\4.4.0\camel-validator-4.4.0.jar;C:\Users\aksha\.m2\repository\org\apache\camel\camel-xpath\4.4.0\camel-xpath-4.4.0.jar;C:\Users\aksha\.m2\repository\org\apache\camel\camel-xslt\4.4.0\camel-xslt-4.4.0.jar;C:\Users\aksha\.m2\repository\org\apache\camel\camel-xml-io\4.4.0\camel-xml-io-4.4.0.jar;C:\Users\aksha\.m2\repository\org\apache\camel\camel-xml-io-util\4.4.0\camel-xml-io-util-4.4.0.jar;C:\Users\aksha\.m2\repository\org\apache\camel\camel-xml-jaxb\4.4.0\camel-xml-jaxb-4.4.0.jar;C:\Users\aksha\.m2\repository\jakarta\xml\bind\jakarta.xml.bind-api\4.0.1\jakarta.xml.bind-api-4.0.1.jar;C:\Users\aksha\.m2\repository\jakarta\activation\jakarta.activation-api\2.1.2\jakarta.activation-api-2.1.2.jar;C:\Users\aksha\.m2\repository\com\sun\xml\bind\jaxb-core\4.0.4\jaxb-core-4.0.4.jar;C:\Users\aksha\.m2\repository\org\eclipse\angus\angus-activation\2.0.1\angus-activation-2.0.1.jar;C:\Users\aksha\.m2\repository\com\sun\xml\bind\jaxb-impl\4.0.4\jaxb-impl-4.0.4.jar;C:\Users\aksha\.m2\repository\org\apache\camel\camel-xml-jaxp\4.4.0\camel-xml-jaxp-4.4.0.jar;C:\Users\aksha\.m2\repository\org\apache\camel\camel-yaml-io\4.4.0\camel-yaml-io-4.4.0.jar;C:\Users\aksha\.m2\repository\org\apache\camel\camel-core-catalog\4.4.0\camel-core-catalog-4.4.0.jar;C:\Users\aksha\.m2\repository\com\fasterxml\jackson\dataformat\jackson-dataformat-yaml\2.16.1\jackson-dataformat-yaml-2.16.1.jar;C:\Users\aksha\.m2\repository\org\yaml\snakeyaml\2.2\snakeyaml-2.2.jar;C:\Users\aksha\.m2\repository\org\slf4j\slf4j-api\2.0.12\slf4j-api-2.0.12.jar;C:\Users\aksha\.m2\repository\org\apache\camel\camel-netty-http\3.20.2\camel-netty-http-3.20.2.jar;C:\Users\aksha\.m2\repository\org\apache\camel\camel-netty\3.20.2\camel-netty-3.20.2.jar;C:\Users\aksha\.m2\repository\org\apache\commons\commons-pool2\2.11.1\commons-pool2-2.11.1.jar;C:\Users\aksha\.m2\repository\io\netty\netty-buffer\4.1.87.Final\netty-buffer-4.1.87.Final.jar;C:\Users\aksha\.m2\repository\io\netty\netty-codec\4.1.87.Final\netty-codec-4.1.87.Final.jar;C:\Users\aksha\.m2\repository\io\netty\netty-common\4.1.87.Final\netty-common-4.1.87.Final.jar;C:\Users\aksha\.m2\repository\io\netty\netty-handler\4.1.87.Final\netty-handler-4.1.87.Final.jar;C:\Users\aksha\.m2\repository\io\netty\netty-resolver\4.1.87.Final\netty-resolver-4.1.87.Final.jar;C:\Users\aksha\.m2\repository\io\netty\netty-transport\4.1.87.Final\netty-transport-4.1.87.Final.jar;C:\Users\aksha\.m2\repository\io\netty\netty-transport-native-epoll\4.1.87.Final\netty-transport-native-epoll-4.1.87.Final.jar;C:\Users\aksha\.m2\repository\io\netty\netty-transport-classes-epoll\4.1.87.Final\netty-transport-classes-epoll-4.1.87.Final.jar;C:\Users\aksha\.m2\repository\io\netty\netty-transport-native-unix-common\4.1.87.Final\netty-transport-native-unix-common-4.1.87.Final.jar;C:\Users\aksha\.m2\repository\io\netty\netty-codec-http\4.1.87.Final\netty-codec-http-4.1.87.Final.jar;C:\Users\aksha\.m2\repository\org\apache\camel\camel-http-base\3.20.2\camel-http-base-3.20.2.jar;C:\Users\aksha\.m2\repository\org\apache\camel\camel-cloud\3.20.2\camel-cloud-3.20.2.jar;C:\Users\aksha\.m2\repository\org\apache\camel\camel-main\4.4.0\camel-main-4.4.0.jar;C:\Users\aksha\.m2\repository\org\apache\camel\camel-api\4.4.0\camel-api-4.4.0.jar;C:\Users\aksha\.m2\repository\org\apache\camel\camel-base\4.4.0\camel-base-4.4.0.jar;C:\Users\aksha\.m2\repository\org\apache\camel\camel-management-api\4.4.0\camel-management-api-4.4.0.jar;C:\Users\aksha\.m2\repository\org\apache\camel\camel-support\4.4.0\camel-support-4.4.0.jar;C:\Users\aksha\.m2\repository\org\apache\camel\camel-util\4.4.0\camel-util-4.4.0.jar;C:\Users\aksha\.m2\repository\org\apache\camel\camel-http\4.4.0\camel-http-4.4.0.jar;C:\Users\aksha\.m2\repository\org\apache\camel\camel-http-common\4.4.0\camel-http-common-4.4.0.jar;C:\Users\aksha\.m2\repository\org\apache\camel\camel-attachments\4.4.0\camel-attachments-4.4.0.jar;C:\Users\aksha\.m2\repository\org\apache\camel\camel-util-json\4.4.0\camel-util-json-4.4.0.jar;C:\Users\aksha\.m2\repository\jakarta\servlet\jakarta.servlet-api\6.0.0\jakarta.servlet-api-6.0.0.jar;C:\Users\aksha\.m2\repository\org\apache\httpcomponents\core5\httpcore5\5.2.4\httpcore5-5.2.4.jar;C:\Users\aksha\.m2\repository\org\apache\httpcomponents\core5\httpcore5-h2\5.2.4\httpcore5-h2-5.2.4.jar;C:\Users\aksha\.m2\repository\org\apache\httpcomponents\client5\httpclient5\5.2.1\httpclient5-5.2.1.jar;C:\Users\aksha\.m2\repository\org\apache\camel\camel-jackson\4.4.0\camel-jackson-4.4.0.jar;C:\Users\aksha\.m2\repository\com\fasterxml\jackson\core\jackson-databind\2.16.1\jackson-databind-2.16.1.jar;C:\Users\aksha\.m2\repository\com\fasterxml\jackson\core\jackson-annotations\2.16.1\jackson-annotations-2.16.1.jar;C:\Users\aksha\.m2\repository\com\fasterxml\jackson\core\jackson-core\2.16.1\jackson-core-2.16.1.jar;C:\Users\aksha\.m2\repository\org\apache\logging\log4j\log4j-slf4j2-impl\2.20.0\log4j-slf4j2-impl-2.20.0.jar;C:\Users\aksha\.m2\repository\org\apache\logging\log4j\log4j-api\2.20.0\log4j-api-2.20.0.jar;C:\Users\aksha\.m2\repository\org\apache\logging\log4j\log4j-core\2.20.0\log4j-core-2.20.0.jar;C:\Users\aksha\.m2\repository\org\apache\httpcomponents\httpclient\4.5.13\httpclient-4.5.13.jar;C:\Users\aksha\.m2\repository\org\apache\httpcomponents\httpcore\4.4.13\httpcore-4.4.13.jar;C:\Users\aksha\.m2\repository\commons-logging\commons-logging\1.2\commons-logging-1.2.jar;C:\Users\aksha\.m2\repository\commons-codec\commons-codec\1.11\commons-codec-1.11.jar;"/>
    <property name="sun.cpu.endian" value="little"/>
    <property name="user.home" value="C:\Users\aksha"/>
    <property name="user.language" value="en"/>
    <property name="java.specification.vendor" value="Oracle Corporation"/>
    <property name="java.version.date" value="2025-03-18"/>
    <property name="java.home" value="C:\Program Files\Java\jdk-24"/>
    <property name="file.separator" value="\"/>
    <property name="basedir" value="C:\Users\aksha\OneDrive\Desktop\project\camel-odoo-integration"/>
    <property name="java.vm.compressedOopsMode" value="Zero based"/>
    <property name="line.separator" value="&#10;"/>
    <property name="java.vm.specification.vendor" value="Oracle Corporation"/>
    <property name="java.specification.name" value="Java Platform API Specification"/>
    <property name="surefire.real.class.path" value="C:\Users\aksha\AppData\Local\Temp\surefire12695742125975341742\surefirebooter-20250411210717560_3.jar"/>
    <property name="user.script" value=""/>
    <property name="sun.management.compiler" value="HotSpot 64-Bit Tiered Compilers"/>
    <property name="java.runtime.version" value="24+36-3646"/>
    <property name="user.name" value="aksha"/>
    <property name="stdout.encoding" value="Cp1252"/>
    <property name="path.separator" value=";"/>
    <property name="os.version" value="10.0"/>
    <property name="java.runtime.name" value="Java(TM) SE Runtime Environment"/>
    <property name="file.encoding" value="UTF-8"/>
    <property name="java.vm.name" value="Java HotSpot(TM) 64-Bit Server VM"/>
    <property name="localRepository" value="C:\Users\aksha\.m2\repository"/>
    <property name="java.vendor.url.bug" value="https://bugreport.java.com/bugreport/"/>
    <property name="java.io.tmpdir" value="C:\Users\aksha\AppData\Local\Temp\"/>
    <property name="java.version" value="24"/>
    <property name="user.dir" value="C:\Users\aksha\OneDrive\Desktop\project\camel-odoo-integration"/>
    <property name="os.arch" value="amd64"/>
    <property name="java.vm.specification.name" value="Java Virtual Machine Specification"/>
    <property name="sun.os.patch.level" value=""/>
    <property name="native.encoding" value="Cp1252"/>
    <property name="java.library.path" value="C:\Program Files\Java\jdk-24\bin;C:\WINDOWS\Sun\Java\bin;C:\WINDOWS\system32;C:\WINDOWS;C:\Program Files\Common Files\Oracle\Java\javapath;C:\Program Files\Python312\Scripts\;C:\Program Files\Python312\;C:\Windows\system32;C:\Windows;C:\Windows\System32\Wbem;C:\Windows\System32\WindowsPowerShell\v1.0\;C:\Windows\System32\OpenSSH\;C:\Program Files (x86)\NVIDIA Corporation\PhysX\Common;C:\WINDOWS\system32;C:\WINDOWS;C:\WINDOWS\System32\Wbem;C:\WINDOWS\System32\WindowsPowerShell\v1.0\;C:\WINDOWS\System32\OpenSSH\;C:\Program Files\Git\cmd;C:\Program Files (x86)\Windows Kits\10\Windows Performance Toolkit\;C:\Program Files (x86)\Microsoft SQL Server\160\DTS\Binn\;C:\Program Files (x86)\Microsoft SQL Server\160\Tools\Binn\;C:\Program Files\Microsoft SQL Server\160\Tools\Binn\;C:\Program Files\Microsoft SQL Server\Client SDK\ODBC\170\Tools\Binn\;C:\Program Files\Microsoft SQL Server\160\DTS\Binn\;C:\MinGW\bin;;C:\Program Files\NVIDIA Corporation\NVIDIA app\NvDLISR;C:\Users\aksha\AppData\Local\Programs\Python\Launcher\;C:\Users\aksha\AppData\Local\Microsoft\WindowsApps;C:\Users\aksha\AppData\Local\Programs\Microsoft VS Code\bin;C:\Users\aksha\Anaconda3\Scripts;C:\Users\aksha\Anaconda3;C:\Users\aksha\Anaconda3\Library\bin;C:\MinGW\bin;C:\Program Files\Java\jdk-24\bin;C:\Users\aksha\OneDrive\Desktop\rand\apache-maven-3.9.9-bin\apache-maven-3.9.9\bin;;c:\Users\aksha\.vscode\extensions\ms-python.debugpy-2025.6.0-win32-x64\bundled\scripts\noConfigScripts;."/>
    <property name="java.vm.info" value="mixed mode, sharing"/>
    <property name="stderr.encoding" value="Cp1252"/>
    <property name="java.vendor" value="Oracle Corporation"/>
    <property name="java.vm.version" value="24+36-3646"/>
    <property name="sun.io.unicode.encoding" value="UnicodeLittle"/>
    <property name="java.class.version" value="68.0"/>
  </properties>
  <testcase name="testApp" classname="com.camel.odoo.AppTest" time="0.002"/>
</testsuite>